<?xml version="1.0" encoding="UTF-8"?>
<!-- Generated by org.testng.reporters.JUnitXMLReporter -->
<testsuite ignored="0" hostname="DESKTOP-L62HK89" failures="0" tests="3" name="Verify MyAccount Page" time="0.1" errors="0" timestamp="2024-11-29T16:56:37 IST">
  <testcase classname="testCases.MyAccountTest" name="validOrderAndHistoryPage" time="0.036"/>
  <testcase classname="testCases.MyAccountTest" name="validAddressPage" time="0.03"/>
  <testcase classname="testCases.MyAccountTest" name="validHomePage" time="0.027"/>
</testsuite> <!-- Verify MyAccount Page -->
